npm WARN npm npm does not support Node.js v13.1.0
npm WARN npm You should probably upgrade to a newer version of node as we
npm WARN npm can't make any promises that npm will work with this version.
npm WARN npm Supported releases of Node.js are the latest release of 6, 8, 9, 10, 11, 12.
npm WARN npm You can find the latest version at https://nodejs.org/

> cion@0.1.0 start F:\Cion\cion
> react-scripts start

npm WARN npm npm does not support Node.js v13.1.0
npm WARN npm You should probably upgrade to a newer version of node as we
npm WARN npm can't make any promises that npm will work with this version.
npm WARN npm Supported releases of Node.js are the latest release of 6, 8, 9, 10, 11, 12.
npm WARN npm You can find the latest version at https://nodejs.org/

> cion@0.1.0 start F:\Cion\cion
> react-scripts start

Starting the development server...

Compiled with warnings.

./src/Components/Configure/ParameterConfigurationComponent.js
  Line 3:8:  'InputElementSupplier' is defined but never used  no-unused-vars

./src/Components/Configure/Configure.js
  Line 72:31:  'compressedImage' is assigned a value but never used  no-unused-vars

Search for the keywords to learn more about each warning.
To ignore, add // eslint-disable-next-line to the line before.

